[2018-09-26 11:46:36:325] [INFO] - c.s.s.c.s.SysAppContextInitializer - ---- Set System Property Finish  ！----
[2018-09-26 11:46:36:350] [INFO] - c.s.s.c.s.SysAppContextInitializer - 程序准备启动
[2018-09-26 11:46:36:356] [INFO] - c.s.s.SinopecApplication - Starting SinopecApplication on t with PID 32220 (D:\project\sinopec\target\classes started by think in D:\project\sinopec)
[2018-09-26 11:46:36:357] [INFO] - c.s.s.SinopecApplication - The following profiles are active: pro
[2018-09-26 11:46:38:623] [INFO] - o.s.d.r.c.RepositoryConfigurationDelegate - Multiple Spring Data modules found, entering strict repository configuration mode!
[2018-09-26 11:46:40:121] [INFO] - c.a.d.p.DruidDataSource - {dataSource-1,druid1} inited
[2018-09-26 11:46:40:256] [INFO] - c.a.d.p.DruidDataSource - {dataSource-2,druid2} inited
[2018-09-26 11:46:40:570] [INFO] - o.s.t.j.JtaTransactionManager - Using JTA UserTransaction: com.atomikos.icatch.jta.UserTransactionImp@2bfc2f8b
[2018-09-26 11:46:40:571] [INFO] - o.s.t.j.JtaTransactionManager - Using JTA TransactionManager: com.atomikos.icatch.jta.UserTransactionManager@61853c7e
[2018-09-26 11:46:46:548] [WARN] - c.s.s.c.s.u.UrlFilterSecurityInterceptor - Could not validate configuration attributes as the SecurityMetadataSource did not return any attributes from getAllConfigAttributes()
[2018-09-26 11:46:46:823] [INFO] - o.s.c.e.EhCacheManagerFactoryBean - Initializing EhCache CacheManager
[2018-09-26 11:46:50:761] [INFO] - c.s.s.c.s.WebSecurityConfig - 启用druid页面
[2018-09-26 11:46:50:772] [INFO] - c.s.s.c.s.WebSecurityConfig - 启用swagger页面
[2018-09-26 11:46:50:772] [INFO] - c.s.s.c.s.WebSecurityConfig - 启用排除特定请求
[2018-09-26 11:46:54:627] [INFO] - c.s.s.k.b.v.VehicleQueueAnalysisConsumer - 初始化车辆排队分析统计
[2018-09-26 11:46:54:779] [INFO] - c.s.s.c.s.BizCountConsumerStartup - 启动车辆排队分析--统计代理--完成
[2018-09-26 11:46:54:782] [INFO] - c.s.s.b.s.VehicleQueue2DbProxy - ------VehicleQueue2DbProxy init ------
[2018-09-26 11:46:54:783] [INFO] - c.s.s.c.s.BizCountConsumerStartup - 启动车辆排队--入库代理--完成
[2018-09-26 11:46:54:783] [INFO] - c.s.s.c.s.SystemInitStartup - 程序正在启动中......
[2018-09-26 11:46:54:856] [INFO] - c.s.s.SinopecApplication - Started SinopecApplication in 19.093 seconds (JVM running for 20.919)
[2018-09-26 11:46:54:862] [INFO] - c.s.s.c.s.SystemInitRunner - 程序启动完成
[2018-09-26 11:46:54:864] [INFO] - c.s.s.b.s.CollectTaskProxy - ------MobCollectTaskProxy init ------
[2018-09-26 11:46:54:864] [INFO] - c.s.s.c.s.SystemInitRunner - 启动移动数据采集--初始化代理--完成
[2018-09-26 11:46:54:866] [INFO] - c.s.s.b.s.ExecuteTaskProxy - ------ExecuteCollectTaskProxy init ------
[2018-09-26 11:46:54:867] [INFO] - c.s.s.c.s.SystemInitRunner - 启动移动数据采集--统计代理--完成
[2018-09-26 11:57:47:707] [INFO] - c.s.s.c.s.SysAppContextInitializer - ---- Set System Property Finish  ！----
[2018-09-26 11:57:47:716] [INFO] - c.s.s.c.s.SysAppContextInitializer - 程序准备启动
[2018-09-26 11:57:47:720] [INFO] - c.s.s.SinopecApplication - Starting SinopecApplication on t with PID 22540 (D:\project\sinopec\target\classes started by think in D:\project\sinopec)
[2018-09-26 11:57:47:722] [INFO] - c.s.s.SinopecApplication - The following profiles are active: pro
[2018-09-26 11:57:49:951] [INFO] - o.s.d.r.c.RepositoryConfigurationDelegate - Multiple Spring Data modules found, entering strict repository configuration mode!
[2018-09-26 11:57:51:204] [INFO] - c.a.d.p.DruidDataSource - {dataSource-1,druid1} inited
[2018-09-26 11:57:51:275] [INFO] - c.a.d.p.DruidDataSource - {dataSource-2,druid2} inited
[2018-09-26 11:57:51:431] [INFO] - o.s.t.j.JtaTransactionManager - Using JTA UserTransaction: com.atomikos.icatch.jta.UserTransactionImp@1322b575
[2018-09-26 11:57:51:431] [INFO] - o.s.t.j.JtaTransactionManager - Using JTA TransactionManager: com.atomikos.icatch.jta.UserTransactionManager@6dded900
[2018-09-26 11:57:56:932] [WARN] - c.s.s.c.s.u.UrlFilterSecurityInterceptor - Could not validate configuration attributes as the SecurityMetadataSource did not return any attributes from getAllConfigAttributes()
[2018-09-26 11:57:57:174] [INFO] - o.s.c.e.EhCacheManagerFactoryBean - Initializing EhCache CacheManager
[2018-09-26 11:58:00:382] [INFO] - c.s.s.c.s.WebSecurityConfig - 启用druid页面
[2018-09-26 11:58:00:390] [INFO] - c.s.s.c.s.WebSecurityConfig - 启用swagger页面
[2018-09-26 11:58:00:390] [INFO] - c.s.s.c.s.WebSecurityConfig - 启用排除特定请求
[2018-09-26 11:58:03:742] [INFO] - c.s.s.k.b.v.VehicleQueueAnalysisConsumer - 初始化车辆排队分析统计
[2018-09-26 11:58:03:900] [INFO] - c.s.s.c.s.BizCountConsumerStartup - 启动车辆排队分析--统计代理--完成
[2018-09-26 11:58:03:903] [INFO] - c.s.s.b.s.VehicleQueue2DbProxy - ------VehicleQueue2DbProxy init ------
[2018-09-26 11:58:03:904] [INFO] - c.s.s.c.s.BizCountConsumerStartup - 启动车辆排队--入库代理--完成
[2018-09-26 11:58:03:904] [INFO] - c.s.s.c.s.SystemInitStartup - 程序正在启动中......
[2018-09-26 11:58:03:962] [INFO] - c.s.s.SinopecApplication - Started SinopecApplication in 16.723 seconds (JVM running for 18.324)
[2018-09-26 11:58:03:968] [INFO] - c.s.s.c.s.SystemInitRunner - 程序启动完成
[2018-09-26 11:58:03:970] [INFO] - c.s.s.b.s.CollectTaskProxy - ------MobCollectTaskProxy init ------
[2018-09-26 11:58:03:970] [INFO] - c.s.s.c.s.SystemInitRunner - 启动移动数据采集--初始化代理--完成
[2018-09-26 11:58:03:972] [INFO] - c.s.s.b.s.ExecuteTaskProxy - ------ExecuteCollectTaskProxy init ------
[2018-09-26 11:58:03:972] [INFO] - c.s.s.c.s.SystemInitRunner - 启动移动数据采集--统计代理--完成
[2018-09-26 11:59:31:018] [INFO] - c.s.s.c.s.u.UrlAccessDecisionManager - 访问本资源：/service/vehicleQueueAnalysis/exportData 需要角色权限：admin
[2018-09-26 11:59:31:026] [INFO] - c.s.s.c.s.u.UrlAccessDecisionManager - 访问本资源：/service/vehicleQueueAnalysis/exportData 需要角色权限：admin
[2018-09-26 11:59:31:031] [INFO] - c.s.s.c.u.SpringMVCHelper - ====>/service/vehicleQueueAnalysis/exportData
[2018-09-26 12:22:42:582] [INFO] - c.s.s.c.s.SysAppContextInitializer - ---- Set System Property Finish  ！----
[2018-09-26 12:22:42:591] [INFO] - c.s.s.c.s.SysAppContextInitializer - 程序准备启动
[2018-09-26 12:22:42:595] [INFO] - c.s.s.SinopecApplication - Starting SinopecApplication on t with PID 18404 (D:\project\sinopec\target\classes started by think in D:\project\sinopec)
[2018-09-26 12:22:42:596] [INFO] - c.s.s.SinopecApplication - The following profiles are active: pro
[2018-09-26 12:22:44:597] [INFO] - o.s.d.r.c.RepositoryConfigurationDelegate - Multiple Spring Data modules found, entering strict repository configuration mode!
[2018-09-26 12:22:45:830] [INFO] - c.a.d.p.DruidDataSource - {dataSource-1,druid1} inited
[2018-09-26 12:22:45:897] [INFO] - c.a.d.p.DruidDataSource - {dataSource-2,druid2} inited
[2018-09-26 12:22:46:027] [INFO] - o.s.t.j.JtaTransactionManager - Using JTA UserTransaction: com.atomikos.icatch.jta.UserTransactionImp@4adf3582
[2018-09-26 12:22:46:028] [INFO] - o.s.t.j.JtaTransactionManager - Using JTA TransactionManager: com.atomikos.icatch.jta.UserTransactionManager@57e4b86c
[2018-09-26 12:22:51:267] [WARN] - c.s.s.c.s.u.UrlFilterSecurityInterceptor - Could not validate configuration attributes as the SecurityMetadataSource did not return any attributes from getAllConfigAttributes()
[2018-09-26 12:22:51:520] [INFO] - o.s.c.e.EhCacheManagerFactoryBean - Initializing EhCache CacheManager
[2018-09-26 12:22:54:589] [INFO] - c.s.s.c.s.WebSecurityConfig - 启用druid页面
[2018-09-26 12:22:54:594] [INFO] - c.s.s.c.s.WebSecurityConfig - 启用swagger页面
[2018-09-26 12:22:54:594] [INFO] - c.s.s.c.s.WebSecurityConfig - 启用排除特定请求
[2018-09-26 12:22:57:783] [INFO] - c.s.s.k.b.v.VehicleQueueAnalysisConsumer - 初始化车辆排队分析统计
[2018-09-26 12:22:57:960] [INFO] - c.s.s.c.s.BizCountConsumerStartup - 启动车辆排队分析--统计代理--完成
[2018-09-26 12:22:57:963] [INFO] - c.s.s.b.s.VehicleQueue2DbProxy - ------VehicleQueue2DbProxy init ------
[2018-09-26 12:22:57:963] [INFO] - c.s.s.c.s.BizCountConsumerStartup - 启动车辆排队--入库代理--完成
[2018-09-26 12:22:57:964] [INFO] - c.s.s.c.s.SystemInitStartup - 程序正在启动中......
[2018-09-26 12:22:58:021] [INFO] - c.s.s.SinopecApplication - Started SinopecApplication in 15.934 seconds (JVM running for 17.213)
[2018-09-26 12:22:58:027] [INFO] - c.s.s.c.s.SystemInitRunner - 程序启动完成
[2018-09-26 12:22:58:028] [INFO] - c.s.s.b.s.CollectTaskProxy - ------MobCollectTaskProxy init ------
[2018-09-26 12:22:58:029] [INFO] - c.s.s.c.s.SystemInitRunner - 启动移动数据采集--初始化代理--完成
[2018-09-26 12:22:58:030] [INFO] - c.s.s.b.s.ExecuteTaskProxy - ------ExecuteCollectTaskProxy init ------
[2018-09-26 12:22:58:030] [INFO] - c.s.s.c.s.SystemInitRunner - 启动移动数据采集--统计代理--完成
[2018-09-26 12:23:08:436] [INFO] - c.s.s.c.s.u.UrlAccessDecisionManager - 访问本资源：/service/vehicleQueueAnalysis/exportData 需要角色权限：admin
[2018-09-26 12:23:08:442] [INFO] - c.s.s.c.s.u.UrlAccessDecisionManager - 访问本资源：/service/vehicleQueueAnalysis/exportData 需要角色权限：admin
[2018-09-26 12:23:08:446] [INFO] - c.s.s.c.u.SpringMVCHelper - ====>/service/vehicleQueueAnalysis/exportData
[2018-09-26 12:24:15:697] [INFO] - c.s.s.c.s.JwtTokenFilter - 忽略的url:/service/ignore/getVehicleQueueAnalysisResult/0a85f42f32094ad89a75ad385ea97d68
[2018-09-26 12:24:15:708] [INFO] - c.s.s.c.u.SpringMVCHelper - ====>/service/ignore/getVehicleQueueAnalysisResult/0a85f42f32094ad89a75ad385ea97d68
